rank 0 started
setting up config
rank 1 started
rank 4 started
rank 3 started
rank 2 started
new config loaded from EPM_2layer.yaml
loaded watershed geojson
loaded springshed geojson
loaded creeks geojson
loaded subdomain geojson
loaded karst_features csv
loaded sinkholes csv
loaded precip csv
extracted watershed polygon
extracted springshed polygon
extracted subdomain polygon
merged ('watershed_polygon', 'springshed_polygon')
loaded new Creek object from creeks data
set domain to subdomain_polygon
(552594.40655525, 4866235.880722723, 561054.4101949929, 4870845.335745172)
applied DEM ../../data/DEM/dem_1m_m.bil to domain
domain set
converted start tuple to Point
added segment from POINT (557455.9369995446 4866985.353118678) to POINT (557644.4070525824 4866235.880722723)

converted start tuple to Point
added segment from POINT (560184.936999525 4868831.353118694) to POINT (560584.4090987638 4869035.8773543835)

clipped creeks
creeks set
added sink
added spring
extracted grid params: 
Lx = 8460.003639742848
Ly = 4609.455022448674
nrow = 921
ncol = 1692
nlay = 2
set top to DEM
set bottom array
grid set
loaded idomain from ../../data/geo_data/idomain.npy
time elapsed: 0.015 
idomain set
updated idomain layer 0 to 1
extracted creek cells
config complete
read ../../data/MRSW/MRSW_head_CSV.csv and set data
calibration obj mrsw created
read ../../data/discharge/discharge_2017_2020.csv and set data
calibration obj bs_q created
updated data to time series
updated data to time series
calibration value set to 345.7397551152074
calibration value set to 5731.253503013694
calibration data loaded
run data loaded
model_runs/creeks_2.0_springs_250_Kh_7.1_1.1_Kv_0.1_0.1_Khss_450_450_Kvss_200_400
new config loaded from EPM_2layer.yaml
loaded watershed geojson
loaded springshed geojson
loaded creeks geojson
loaded subdomain geojson
loaded karst_features csv
loaded sinkholes csv
loaded precip csv
extracted watershed polygon
extracted springshed polygon
extracted subdomain polygon
merged ('watershed_polygon', 'springshed_polygon')
loaded new Creek object from creeks data
set domain to subdomain_polygon
(552594.40655525, 4866235.880722723, 561054.4101949929, 4870845.335745172)
applied DEM ../../data/DEM/dem_1m_m.bil to domain
converted start tuple to Point
added segment from POINT (557455.9369995446 4866985.353118678) to POINT (557644.4070525824 4866235.880722723)

converted start tuple to Point
added segment from POINT (560184.936999525 4868831.353118694) to POINT (560584.4090987638 4869035.8773543835)

clipped creeks
added sink
added spring
extracted grid params: 
Lx = 8460.003639742848
Ly = 4609.455022448674
nrow = 921
ncol = 1692
nlay = 2
set top to DEM
set bottom array
loaded idomain from ../../data/geo_data/idomain.npy
time elapsed: 0.013 
updated idomain layer 0 to 1
extracted creek cells
read ../../data/MRSW/MRSW_head_CSV.csv and set data
calibration obj mrsw created
read ../../data/discharge/discharge_2017_2020.csv and set data
calibration obj bs_q created
updated data to time series
updated data to time series
calibration value set to 345.7397551152074
calibration value set to 5731.253503013694
extracted K values
updated 186270 cells with Kh = 500Kv = 450
updated 186270 cells with Kh = 150Kv = 450
added creeks to drain spd
added springs to drain spd
simulation created
time discretization added. 1 periods with 1 DAYS
iterative model solver added
gwf module added
discretization added
water table set with dtw = 1.58
set initial conditions
output control added
npf module created
recharge module created with r = 0.0038
drains added
writing simulation...
  writing simulation name file...
  writing simulation tdis package...
  writing solution package ims...
  writing model EPM_steady_state...
    writing model name file...
    writing package dis...
    writing package ic...
    writing package oc...
    writing package npf...
    writing package rcha_0...
    writing package drn_0...
INFORMATION: maxbound in ('gwf6', 'drn', 'dimensions') changed to 6444 based on size of stress_period_data
FloPy is using the following executable to run the model: ../../../../../../.conda/envs/modflow/bin/mf6
                                   MODFLOW 6
                U.S. GEOLOGICAL SURVEY MODULAR HYDROLOGIC MODEL
                            VERSION 6.6.2 05/12/2025

        MODFLOW 6 compiled May 16 2025 14:41:33 with GCC version 13.3.0

This software has been approved for release by the U.S. Geological 
Survey (USGS). Although the software has been subjected to rigorous 
review, the USGS reserves the right to update the software as needed 
pursuant to further analysis and review. No warranty, expressed or 
implied, is made by the USGS or the U.S. Government as to the 
functionality of the software and related material nor shall the 
fact of release constitute any such warranty. Furthermore, the 
software is released on condition that neither the USGS nor the U.S. 
Government shall be held liable for any damages resulting from its 
authorized or unauthorized use. Also refer to the USGS Water 
Resources Software User Rights Notice for complete use, copyright, 
and distribution information.


 MODFLOW runs in SEQUENTIAL mode

 Run start date and time (yyyy/mm/dd hh:mm:ss): 2025/07/03  9:37:00

 Writing simulation list file: mfsim.lst
 Using Simulation name file: mfsim.nam

    Solving:  Stress period:     1    Time step:     1
model_runs/creeks_7.0_springs_250_Kh_6.1_1.1_Kv_9.1_1.1_Khss_500_150_Kvss_450_450 done
/users/8/huan1428/.local/lib/python3.8/site-packages/pandas/core/computation/expressions.py:20: UserWarning: Pandas requires version '2.7.3' or newer of 'numexpr' (version '2.7.1' currently installed).
  from pandas.core.computation.check import NUMEXPR_INSTALLED
/common/software/install/migrated/anaconda/python3-2020.07-mamba/lib/python3.8/site-packages/sklearn/model_selection/_search.py:284: DeprecationWarning: `np.int` is a deprecated alias for the builtin `int`. To silence this warning, use `int` by itself. Doing this will not modify any behavior and is safe. When replacing `np.int`, you may wish to use e.g. `np.int64` or `np.int32` to specify the precision. If you wish to review your current use, check the release note link for additional information.
Deprecated in NumPy 1.20; for more details and guidance: https://numpy.org/devdocs/release/1.20.0-notes.html#deprecations
  for i in sample_without_replacement(grid_size, n_iter,
extracted K values
updated 186270 cells with Kh = 450Kv = 200
updated 186270 cells with Kh = 450Kv = 400
added creeks to drain spd
added springs to drain spd
simulation created
time discretization added. 1 periods with 1 DAYS
iterative model solver added
gwf module added
discretization added
water table set with dtw = 1.58
set initial conditions
output control added
npf module created
recharge module created with r = 0.0038
drains added
writing simulation...
  writing simulation name file...
  writing simulation tdis package...
  writing solution package ims...
  writing model EPM_steady_state...
    writing model name file...
    writing package dis...
    writing package ic...
    writing package oc...
    writing package npf...
    writing package rcha_0...
    writing package drn_0...
INFORMATION: maxbound in ('gwf6', 'drn', 'dimensions') changed to 6444 based on size of stress_period_data
FloPy is using the following executable to run the model: ../../../../../../.conda/envs/modflow/bin/mf6
                                   MODFLOW 6
                U.S. GEOLOGICAL SURVEY MODULAR HYDROLOGIC MODEL
                            VERSION 6.6.2 05/12/2025

        MODFLOW 6 compiled May 16 2025 14:41:33 with GCC version 13.3.0

This software has been approved for release by the U.S. Geological 
Survey (USGS). Although the software has been subjected to rigorous 
review, the USGS reserves the right to update the software as needed 
pursuant to further analysis and review. No warranty, expressed or 
implied, is made by the USGS or the U.S. Government as to the 
functionality of the software and related material nor shall the 
fact of release constitute any such warranty. Furthermore, the 
software is released on condition that neither the USGS nor the U.S. 
Government shall be held liable for any damages resulting from its 
authorized or unauthorized use. Also refer to the USGS Water 
Resources Software User Rights Notice for complete use, copyright, 
and distribution information.


 MODFLOW runs in SEQUENTIAL mode

 Run start date and time (yyyy/mm/dd hh:mm:ss): 2025/07/03  9:37:07

 Writing simulation list file: mfsim.lst
 Using Simulation name file: mfsim.nam

    Solving:  Stress period:     1    Time step:     1
model_runs/creeks_2.0_springs_250_Kh_7.1_1.1_Kv_0.1_0.1_Khss_450_450_Kvss_200_400 done
data saved to results
/users/8/huan1428/.local/lib/python3.8/site-packages/pandas/core/computation/expressions.py:20: UserWarning: Pandas requires version '2.7.3' or newer of 'numexpr' (version '2.7.1' currently installed).
  from pandas.core.computation.check import NUMEXPR_INSTALLED
/common/software/install/migrated/anaconda/python3-2020.07-mamba/lib/python3.8/site-packages/sklearn/model_selection/_search.py:284: DeprecationWarning: `np.int` is a deprecated alias for the builtin `int`. To silence this warning, use `int` by itself. Doing this will not modify any behavior and is safe. When replacing `np.int`, you may wish to use e.g. `np.int64` or `np.int32` to specify the precision. If you wish to review your current use, check the release note link for additional information.
Deprecated in NumPy 1.20; for more details and guidance: https://numpy.org/devdocs/release/1.20.0-notes.html#deprecations
  for i in sample_without_replacement(grid_size, n_iter,
new config loaded from EPM_2layer.yaml
loaded watershed geojson
loaded springshed geojson
loaded creeks geojson
loaded subdomain geojson
loaded karst_features csv
loaded sinkholes csv
loaded precip csv
extracted watershed polygon
extracted springshed polygon
extracted subdomain polygon
merged ('watershed_polygon', 'springshed_polygon')
loaded new Creek object from creeks data
set domain to subdomain_polygon
(552594.40655525, 4866235.880722723, 561054.4101949929, 4870845.335745172)
applied DEM ../../data/DEM/dem_1m_m.bil to domain
converted start tuple to Point
added segment from POINT (557455.9369995446 4866985.353118678) to POINT (557644.4070525824 4866235.880722723)

converted start tuple to Point
added segment from POINT (560184.936999525 4868831.353118694) to POINT (560584.4090987638 4869035.8773543835)

clipped creeks
added sink
added spring
extracted grid params: 
Lx = 8460.003639742848
Ly = 4609.455022448674
nrow = 921
ncol = 1692
nlay = 2
set top to DEM
set bottom array
loaded idomain from ../../data/geo_data/idomain.npy
time elapsed: 0.017 
updated idomain layer 0 to 1
extracted creek cells
read ../../data/MRSW/MRSW_head_CSV.csv and set data
calibration obj mrsw created
read ../../data/discharge/discharge_2017_2020.csv and set data
calibration obj bs_q created
updated data to time series
updated data to time series
calibration value set to 345.7397551152074
calibration value set to 5731.253503013694
extracted K values
updated 186270 cells with Kh = 400Kv = 200
updated 186270 cells with Kh = 300Kv = 200
added creeks to drain spd
added springs to drain spd
simulation created
time discretization added. 1 periods with 1 DAYS
iterative model solver added
gwf module added
discretization added
water table set with dtw = 1.58
set initial conditions
output control added
npf module created
recharge module created with r = 0.0038
drains added
writing simulation...
  writing simulation name file...
  writing simulation tdis package...
  writing solution package ims...
  writing model EPM_steady_state...
    writing model name file...
    writing package dis...
    writing package ic...
    writing package oc...
    writing package npf...
    writing package rcha_0...
    writing package drn_0...
INFORMATION: maxbound in ('gwf6', 'drn', 'dimensions') changed to 6444 based on size of stress_period_data
FloPy is using the following executable to run the model: ../../../../../../.conda/envs/modflow/bin/mf6
                                   MODFLOW 6
                U.S. GEOLOGICAL SURVEY MODULAR HYDROLOGIC MODEL
                            VERSION 6.6.2 05/12/2025

        MODFLOW 6 compiled May 16 2025 14:41:33 with GCC version 13.3.0

This software has been approved for release by the U.S. Geological 
Survey (USGS). Although the software has been subjected to rigorous 
review, the USGS reserves the right to update the software as needed 
pursuant to further analysis and review. No warranty, expressed or 
implied, is made by the USGS or the U.S. Government as to the 
functionality of the software and related material nor shall the 
fact of release constitute any such warranty. Furthermore, the 
software is released on condition that neither the USGS nor the U.S. 
Government shall be held liable for any damages resulting from its 
authorized or unauthorized use. Also refer to the USGS Water 
Resources Software User Rights Notice for complete use, copyright, 
and distribution information.


 MODFLOW runs in SEQUENTIAL mode

 Run start date and time (yyyy/mm/dd hh:mm:ss): 2025/07/03  9:37:11

 Writing simulation list file: mfsim.lst
 Using Simulation name file: mfsim.nam

    Solving:  Stress period:     1    Time step:     1

 Run end date and time (yyyy/mm/dd hh:mm:ss): 2025/07/03  9:45:57
 Elapsed run time:  8 Minutes, 45.619 Seconds

 Normal termination of simulation.
model EPM_steady_state loaded
heads data read to heads
model_runs/creeks_2.0_springs_250_Kh_3.1_0.1_Kv_1.1_4.1_Khss_400_300_Kvss_200_200 done
/users/8/huan1428/.local/lib/python3.8/site-packages/pandas/core/computation/expressions.py:20: UserWarning: Pandas requires version '2.7.3' or newer of 'numexpr' (version '2.7.1' currently installed).
  from pandas.core.computation.check import NUMEXPR_INSTALLED
/common/software/install/migrated/anaconda/python3-2020.07-mamba/lib/python3.8/site-packages/sklearn/model_selection/_search.py:284: DeprecationWarning: `np.int` is a deprecated alias for the builtin `int`. To silence this warning, use `int` by itself. Doing this will not modify any behavior and is safe. When replacing `np.int`, you may wish to use e.g. `np.int64` or `np.int32` to specify the precision. If you wish to review your current use, check the release note link for additional information.
Deprecated in NumPy 1.20; for more details and guidance: https://numpy.org/devdocs/release/1.20.0-notes.html#deprecations
  for i in sample_without_replacement(grid_size, n_iter,
new config loaded from EPM_2layer.yaml
loaded watershed geojson
loaded springshed geojson
loaded creeks geojson
loaded subdomain geojson
loaded karst_features csv
loaded sinkholes csv
loaded precip csv
extracted watershed polygon
extracted springshed polygon
extracted subdomain polygon
merged ('watershed_polygon', 'springshed_polygon')
loaded new Creek object from creeks data
set domain to subdomain_polygon
(552594.40655525, 4866235.880722723, 561054.4101949929, 4870845.335745172)
applied DEM ../../data/DEM/dem_1m_m.bil to domain
converted start tuple to Point
added segment from POINT (557455.9369995446 4866985.353118678) to POINT (557644.4070525824 4866235.880722723)

converted start tuple to Point
added segment from POINT (560184.936999525 4868831.353118694) to POINT (560584.4090987638 4869035.8773543835)

clipped creeks
added sink
added spring
extracted grid params: 
Lx = 8460.003639742848
Ly = 4609.455022448674
nrow = 921
ncol = 1692
nlay = 2
set top to DEM
set bottom array
loaded idomain from ../../data/geo_data/idomain.npy
time elapsed: 0.017 
updated idomain layer 0 to 1
extracted creek cells
read ../../data/MRSW/MRSW_head_CSV.csv and set data
calibration obj mrsw created
read ../../data/discharge/discharge_2017_2020.csv and set data
calibration obj bs_q created
updated data to time series
updated data to time series
calibration value set to 345.7397551152074
calibration value set to 5731.253503013694
extracted K values
updated 186270 cells with Kh = 350Kv = 100
updated 186270 cells with Kh = 300Kv = 400
added creeks to drain spd
added springs to drain spd
simulation created
time discretization added. 1 periods with 1 DAYS
iterative model solver added
gwf module added
discretization added
water table set with dtw = 1.58
set initial conditions
output control added
npf module created
recharge module created with r = 0.0038
drains added
writing simulation...
  writing simulation name file...
  writing simulation tdis package...
  writing solution package ims...
  writing model EPM_steady_state...
    writing model name file...
    writing package dis...
    writing package ic...
    writing package oc...
    writing package npf...
    writing package rcha_0...
    writing package drn_0...
INFORMATION: maxbound in ('gwf6', 'drn', 'dimensions') changed to 6444 based on size of stress_period_data
FloPy is using the following executable to run the model: ../../../../../../.conda/envs/modflow/bin/mf6
                                   MODFLOW 6
                U.S. GEOLOGICAL SURVEY MODULAR HYDROLOGIC MODEL
                            VERSION 6.6.2 05/12/2025

        MODFLOW 6 compiled May 16 2025 14:41:33 with GCC version 13.3.0

This software has been approved for release by the U.S. Geological 
Survey (USGS). Although the software has been subjected to rigorous 
review, the USGS reserves the right to update the software as needed 
pursuant to further analysis and review. No warranty, expressed or 
implied, is made by the USGS or the U.S. Government as to the 
functionality of the software and related material nor shall the 
fact of release constitute any such warranty. Furthermore, the 
software is released on condition that neither the USGS nor the U.S. 
Government shall be held liable for any damages resulting from its 
authorized or unauthorized use. Also refer to the USGS Water 
Resources Software User Rights Notice for complete use, copyright, 
and distribution information.


 MODFLOW runs in SEQUENTIAL mode

 Run start date and time (yyyy/mm/dd hh:mm:ss): 2025/07/03  9:36:25

 Writing simulation list file: mfsim.lst
 Using Simulation name file: mfsim.nam

    Solving:  Stress period:     1    Time step:     1

 Run end date and time (yyyy/mm/dd hh:mm:ss): 2025/07/03  9:50:34
 Elapsed run time: 14 Minutes,  9.209 Seconds

 Normal termination of simulation.
model EPM_steady_state loaded
heads data read to heads
model_runs/creeks_6.0_springs_250_Kh_4.1_3.1_Kv_9.1_4.1_Khss_350_300_Kvss_100_400 done
/users/8/huan1428/.local/lib/python3.8/site-packages/pandas/core/computation/expressions.py:20: UserWarning: Pandas requires version '2.7.3' or newer of 'numexpr' (version '2.7.1' currently installed).
  from pandas.core.computation.check import NUMEXPR_INSTALLED
/common/software/install/migrated/anaconda/python3-2020.07-mamba/lib/python3.8/site-packages/sklearn/model_selection/_search.py:284: DeprecationWarning: `np.int` is a deprecated alias for the builtin `int`. To silence this warning, use `int` by itself. Doing this will not modify any behavior and is safe. When replacing `np.int`, you may wish to use e.g. `np.int64` or `np.int32` to specify the precision. If you wish to review your current use, check the release note link for additional information.
Deprecated in NumPy 1.20; for more details and guidance: https://numpy.org/devdocs/release/1.20.0-notes.html#deprecations
  for i in sample_without_replacement(grid_size, n_iter,
new config loaded from EPM_2layer.yaml
loaded watershed geojson
loaded springshed geojson
loaded creeks geojson
loaded subdomain geojson
loaded karst_features csv
loaded sinkholes csv
loaded precip csv
extracted watershed polygon
extracted springshed polygon
extracted subdomain polygon
merged ('watershed_polygon', 'springshed_polygon')
loaded new Creek object from creeks data
set domain to subdomain_polygon
(552594.40655525, 4866235.880722723, 561054.4101949929, 4870845.335745172)
applied DEM ../../data/DEM/dem_1m_m.bil to domain
converted start tuple to Point
added segment from POINT (557455.9369995446 4866985.353118678) to POINT (557644.4070525824 4866235.880722723)

converted start tuple to Point
added segment from POINT (560184.936999525 4868831.353118694) to POINT (560584.4090987638 4869035.8773543835)

clipped creeks
added sink
added spring
extracted grid params: 
Lx = 8460.003639742848
Ly = 4609.455022448674
nrow = 921
ncol = 1692
nlay = 2
set top to DEM
set bottom array
loaded idomain from ../../data/geo_data/idomain.npy
time elapsed: 0.081 
updated idomain layer 0 to 1
extracted creek cells
read ../../data/MRSW/MRSW_head_CSV.csv and set data
calibration obj mrsw created
read ../../data/discharge/discharge_2017_2020.csv and set data
calibration obj bs_q created
updated data to time series
updated data to time series
calibration value set to 345.7397551152074
calibration value set to 5731.253503013694
extracted K values
updated 186270 cells with Kh = 100Kv = 300
updated 186270 cells with Kh = 350Kv = 200
added creeks to drain spd
added springs to drain spd
simulation created
time discretization added. 1 periods with 1 DAYS
iterative model solver added
gwf module added
discretization added
water table set with dtw = 1.58
set initial conditions
output control added
npf module created
recharge module created with r = 0.0038
drains added
writing simulation...
  writing simulation name file...
  writing simulation tdis package...
  writing solution package ims...
  writing model EPM_steady_state...
    writing model name file...
    writing package dis...
    writing package ic...
    writing package oc...
    writing package npf...
    writing package rcha_0...
    writing package drn_0...
INFORMATION: maxbound in ('gwf6', 'drn', 'dimensions') changed to 6444 based on size of stress_period_data
FloPy is using the following executable to run the model: ../../../../../../.conda/envs/modflow/bin/mf6
                                   MODFLOW 6
                U.S. GEOLOGICAL SURVEY MODULAR HYDROLOGIC MODEL
                            VERSION 6.6.2 05/12/2025

        MODFLOW 6 compiled May 16 2025 14:41:33 with GCC version 13.3.0

This software has been approved for release by the U.S. Geological 
Survey (USGS). Although the software has been subjected to rigorous 
review, the USGS reserves the right to update the software as needed 
pursuant to further analysis and review. No warranty, expressed or 
implied, is made by the USGS or the U.S. Government as to the 
functionality of the software and related material nor shall the 
fact of release constitute any such warranty. Furthermore, the 
software is released on condition that neither the USGS nor the U.S. 
Government shall be held liable for any damages resulting from its 
authorized or unauthorized use. Also refer to the USGS Water 
Resources Software User Rights Notice for complete use, copyright, 
and distribution information.


 MODFLOW runs in SEQUENTIAL mode

 Run start date and time (yyyy/mm/dd hh:mm:ss): 2025/07/03  9:37:18

 Writing simulation list file: mfsim.lst
 Using Simulation name file: mfsim.nam

    Solving:  Stress period:     1    Time step:     1

 Run end date and time (yyyy/mm/dd hh:mm:ss): 2025/07/03  9:52:42
 Elapsed run time: 15 Minutes, 23.515 Seconds

 Normal termination of simulation.
model EPM_steady_state loaded
heads data read to heads
model_runs/creeks_2.0_springs_300_Kh_3.1_0.1_Kv_4.1_4.1_Khss_100_350_Kvss_300_200 done
/users/8/huan1428/.local/lib/python3.8/site-packages/pandas/core/computation/expressions.py:20: UserWarning: Pandas requires version '2.7.3' or newer of 'numexpr' (version '2.7.1' currently installed).
  from pandas.core.computation.check import NUMEXPR_INSTALLED
/common/software/install/migrated/anaconda/python3-2020.07-mamba/lib/python3.8/site-packages/sklearn/model_selection/_search.py:284: DeprecationWarning: `np.int` is a deprecated alias for the builtin `int`. To silence this warning, use `int` by itself. Doing this will not modify any behavior and is safe. When replacing `np.int`, you may wish to use e.g. `np.int64` or `np.int32` to specify the precision. If you wish to review your current use, check the release note link for additional information.
Deprecated in NumPy 1.20; for more details and guidance: https://numpy.org/devdocs/release/1.20.0-notes.html#deprecations
  for i in sample_without_replacement(grid_size, n_iter,
