rank 121 started
rank 86 started
rank 69 started
rank 89 started
rank 65 started
rank 64 started
rank 81 started
rank 82 started
rank 102 started
rank 67 started
rank 123 started
rank 24 started
rank 25 started
rank 96 started
rank 115 started
rank 2 started
rank 3 started
rank 22 started
rank 23 started
rank 37 started
rank 39 started
rank 48 started
rank 50 started
rank 57 started
rank 58 started
rank 92 started
rank 13 started
rank 27 started
rank 43 started
rank 47 started
rank 49 started
rank 62 started
rank 80 started
rank 97 started
rank 101 started
rank 32 started
rank 33 started
rank 35 started
rank 59 started
rank 63 started
rank 31 started
rank 0 started
setting up config
rank 18 started
rank 19 started
rank 20 started
rank 21 started
rank 28 started
rank 30 started
rank 36 started
rank 45 started
rank 60 started
rank 83 started
rank 85 started
rank 91 started
rank 109 started
rank 1 started
rank 9 started
rank 10 started
rank 14 started
rank 15 started
rank 16 started
rank 17 started
rank 29 started
rank 52 started
rank 53 started
rank 54 started
rank 55 started
rank 56 started
rank 79 started
rank 87 started
rank 108 started
rank 6 started
rank 7 started
rank 8 started
rank 26 started
rank 40 started
rank 44 started
rank 51 started
rank 66 started
rank 78 started
rank 110 started
rank 4 started
rank 11 started
rank 34 started
rank 41 started
rank 42 started
rank 70 started
rank 94 started
rank 95 started
rank 5 started
rank 61 started
rank 72 started
rank 74 started
rank 76 started
rank 90 started
rank 93 started
rank 113 started
rank 122 started
rank 12 started
rank 77 started
rank 84 started
rank 118 started
rank 119 started
rank 100 started
rank 104 started
rank 73 started
rank 88 started
rank 114 started
rank 116 started
rank 117 started
rank 38 started
rank 68 started
rank 120 started
rank 124 started
rank 125 started
rank 71 started
rank 99 started
rank 103 started
rank 106 started
rank 107 started
rank 126 started
rank 127 started
rank 75 started
rank 105 started
rank 111 started
rank 112 started
rank 46 started
rank 98 started
rank 240 started
rank 241 started
rank 252 started
rank 250 started
rank 254 started
rank 203 started
rank 239 started
rank 208 started
rank 237 started
rank 244 started
rank 246 started
rank 201 started
rank 206 started
rank 209 started
rank 212 started
rank 226 started
rank 234 started
rank 231 started
rank 242 started
rank 232 started
rank 200 started
rank 235 started
rank 238 started
rank 245 started
rank 164 started
rank 188 started
rank 202 started
rank 221 started
rank 230 started
rank 236 started
rank 255 started
rank 152 started
rank 178 started
rank 179 started
rank 183 started
rank 210 started
rank 220 started
rank 233 started
rank 248 started
rank 249 started
rank 253 started
rank 131 started
rank 137 started
rank 138 started
rank 141 started
rank 142 started
rank 143 started
rank 157 started
rank 159 started
rank 160 started
rank 161 started
rank 189 started
rank 193 started
rank 194 started
rank 195 started
rank 197 started
rank 204 started
rank 205 started
rank 207 started
rank 211 started
rank 213 started
rank 215 started
rank 222 started
rank 223 started
rank 225 started
rank 228 started
rank 243 started
rank 247 started
rank 251 started
rank 136 started
rank 154 started
rank 156 started
rank 165 started
rank 168 started
rank 169 started
rank 170 started
rank 174 started
rank 176 started
rank 180 started
rank 185 started
rank 186 started
rank 190 started
rank 192 started
rank 196 started
rank 198 started
rank 199 started
rank 214 started
rank 216 started
rank 217 started
rank 218 started
rank 219 started
rank 224 started
rank 227 started
rank 229 started
rank 129 started
rank 130 started
rank 132 started
rank 133 started
rank 134 started
rank 135 started
rank 139 started
rank 140 started
rank 144 started
rank 145 started
rank 146 started
rank 147 started
rank 148 started
rank 150 started
rank 151 started
rank 153 started
rank 155 started
rank 158 started
rank 162 started
rank 166 started
rank 167 started
rank 171 started
rank 172 started
rank 175 started
rank 177 started
rank 181 started
rank 184 started
rank 187 started
rank 149 started
rank 163 started
rank 173 started
rank 191 started
rank 128 started
rank 182 started
new config loaded from EPM_2layer.yaml
loaded watershed geojson
loaded springshed geojson
loaded creeks geojson
loaded subdomain geojson
loaded karst_features csv
loaded sinkholes csv
loaded precip csv
extracted watershed polygon
extracted springshed polygon
extracted subdomain polygon
merged ('watershed_polygon', 'springshed_polygon')
loaded new Creek object from creeks data
set domain to subdomain_polygon
(552594.40655525, 4866235.880722723, 561054.4101949929, 4870845.335745172)
applied DEM ../../data/DEM/dem_1m_m.bil to domain
domain set
converted start tuple to Point
added segment from POINT (557455.9369995446 4866985.353118678) to POINT (557644.4070525824 4866235.880722723)

converted start tuple to Point
added segment from POINT (560184.936999525 4868831.353118694) to POINT (560584.4090987638 4869035.8773543835)

clipped creeks
creeks set
added sink
added spring
extracted grid params: 
Lx = 8460.003639742848
Ly = 4609.455022448674
nrow = 921
ncol = 1692
nlay = 2
set top to DEM
set bottom array
grid set
loaded idomain from ../../data/geo_data/idomain.npy
time elapsed: 0.019 
idomain set
updated idomain layer 0 to 1
extracted creek cells
config complete
read ../../data/MRSW/MRSW_head_CSV.csv and set data
calibration obj mrsw created
read ../../data/discharge/discharge_2017_2020.csv and set data
calibration obj bs_q created
updated data to time series
updated data to time series
calibration value set to 345.7397551152074
calibration value set to 5731.253503013694
calibration data loaded
run data loaded
model_runs/creeks_2.0_springs_250_Kh_7.1_1.1_Kv_0.1_0.1_Khss_450_450_Kvss_200_400
